app/build/outputs/logs/manifest-merger-debug-report.txt
-- Merging decision tree log ---
manifest
ADDED from src\main\AndroidManifest.xml:2:1-66:12
	xmlns:android
		ADDED from src\main\AndroidManifest.xml:2:11-69
	package
		ADDED from src\main\AndroidManifest.xml:3:5-36
		INJECTED from src\main\AndroidManifest.xml
		INJECTED from src\main\AndroidManifest.xml
	android:versionName
		INJECTED from src\main\AndroidManifest.xml
		INJECTED from src\main\AndroidManifest.xml
	android:versionCode
		INJECTED from src\main\AndroidManifest.xml
		INJECTED from src\main\AndroidManifest.xml
uses-permission#android.permission.RECEIVE_BOOT_COMPLETED
ADDED from src\main\AndroidManifest.xml:5:5-81
	android:name
		ADDED from src\main\AndroidManifest.xml:5:22-78
uses-permission#android.permission.WAKE_LOCK
ADDED from src\main\AndroidManifest.xml:6:5-68
	android:name
		ADDED from src\main\AndroidManifest.xml:6:22-65
application
ADDED from src\main\AndroidManifest.xml:8:5-64:19
MERGED from [com.android.support:design:23.1.1] AndroidManifest.xml:22:5-20
MERGED from [com.android.support:appcompat-v7:23.1.1] AndroidManifest.xml:22:5-20
MERGED from [com.android.support:support-v4:23.1.1] AndroidManifest.xml:22:5-20
MERGED from [com.android.support:support-v4:23.1.1] AndroidManifest.xml:22:5-20
MERGED from [com.android.support:support-v4:23.1.1] AndroidManifest.xml:22:5-20
MERGED from [com.prolificinteractive:material-calendarview:1.1.0] AndroidManifest.xml:12:5-20
MERGED from [com.android.support:support-v4:23.1.1] AndroidManifest.xml:22:5-20
MERGED from [com.android.support:appcompat-v7:23.1.1] AndroidManifest.xml:22:5-20
MERGED from [com.android.support:support-v4:23.1.1] AndroidManifest.xml:22:5-20
	android:supportsRtl
		ADDED from src\main\AndroidManifest.xml:12:9-35
	android:label
		ADDED from src\main\AndroidManifest.xml:11:9-41
	android:allowBackup
		ADDED from src\main\AndroidManifest.xml:9:9-35
	android:icon
		ADDED from src\main\AndroidManifest.xml:10:9-43
	android:theme
		ADDED from src\main\AndroidManifest.xml:13:9-40
activity#pro.tsov.plananddopro.MainActivity
ADDED from src\main\AndroidManifest.xml:14:9-22:20
	android:label
		ADDED from src\main\AndroidManifest.xml:16:13-45
	android:name
		ADDED from src\main\AndroidManifest.xml:15:13-62
intent-filter#android.intent.action.MAIN+android.intent.category.LAUNCHER
ADDED from src\main\AndroidManifest.xml:17:13-21:29
action#android.intent.action.MAIN
ADDED from src\main\AndroidManifest.xml:18:17-69
	android:name
		ADDED from src\main\AndroidManifest.xml:18:25-66
category#android.intent.category.LAUNCHER
ADDED from src\main\AndroidManifest.xml:20:17-77
	android:name
		ADDED from src\main\AndroidManifest.xml:20:27-74
activity#pro.tsov.plananddopro.EditEventActivity
ADDED from src\main\AndroidManifest.xml:23:9-25:57
	android:label
		ADDED from src\main\AndroidManifest.xml:25:13-45
	android:name
		ADDED from src\main\AndroidManifest.xml:24:13-67
activity#pro.tsov.plananddopro.TrackEventActivity
ADDED from src\main\AndroidManifest.xml:26:9-28:57
	android:label
		ADDED from src\main\AndroidManifest.xml:28:13-45
	android:name
		ADDED from src\main\AndroidManifest.xml:27:13-68
receiver#pro.tsov.plananddopro.TrackWidget
ADDED from src\main\AndroidManifest.xml:30:9-41:20
	android:label
		ADDED from src\main\AndroidManifest.xml:33:13-48
	android:icon
		ADDED from src\main\AndroidManifest.xml:32:13-47
	android:name
		ADDED from src\main\AndroidManifest.xml:31:13-61
intent-filter#android.appwidget.action.APPWIDGET_UPDATE
ADDED from src\main\AndroidManifest.xml:34:13-36:29
action#android.appwidget.action.APPWIDGET_UPDATE
ADDED from src\main\AndroidManifest.xml:35:17-91
	android:name
		ADDED from src\main\AndroidManifest.xml:35:25-81
meta-data#android.appwidget.provider
ADDED from src\main\AndroidManifest.xml:38:13-40:69
	android:resource
		ADDED from src\main\AndroidManifest.xml:40:17-56
	android:name
		ADDED from src\main\AndroidManifest.xml:39:17-58
service#pro.tsov.plananddopro.TrackService
ADDED from src\main\AndroidManifest.xml:43:9-46:80
	android:exported
		ADDED from src\main\AndroidManifest.xml:45:13-37
	android:permission
		ADDED from src\main\AndroidManifest.xml:46:13-69
	android:name
		ADDED from src\main\AndroidManifest.xml:44:13-62
receiver#pro.tsov.plananddopro.TrackAlarmReceiver
ADDED from src\main\AndroidManifest.xml:48:9-57:20
	android:enabled
		ADDED from src\main\AndroidManifest.xml:50:13-35
	android:name
		ADDED from src\main\AndroidManifest.xml:49:13-68
intent-filter#android.intent.action.BOOT_COMPLETED+pro.tsov.plananddopro.ACTION_SET_TODAY_ALARMS+pro.tsov.plananddopro.ACTION_SET_TODAY_CANCEL+pro.tsov.plananddopro.ACTION_SET_TODAY_COMPLETE
ADDED from src\main\AndroidManifest.xml:51:13-56:29
action#android.intent.action.BOOT_COMPLETED
ADDED from src\main\AndroidManifest.xml:52:17-86
	android:name
		ADDED from src\main\AndroidManifest.xml:52:25-76
action#pro.tsov.plananddopro.ACTION_SET_TODAY_ALARMS
ADDED from src\main\AndroidManifest.xml:53:17-95
	android:name
		ADDED from src\main\AndroidManifest.xml:53:25-85
action#pro.tsov.plananddopro.ACTION_SET_TODAY_COMPLETE
ADDED from src\main\AndroidManifest.xml:54:17-97
	android:name
		ADDED from src\main\AndroidManifest.xml:54:25-87
action#pro.tsov.plananddopro.ACTION_SET_TODAY_CANCEL
ADDED from src\main\AndroidManifest.xml:55:17-95
	android:name
		ADDED from src\main\AndroidManifest.xml:55:25-85
service#pro.tsov.plananddopro.TrackAlarmService
ADDED from src\main\AndroidManifest.xml:59:9-62:48
	android:exported
		ADDED from src\main\AndroidManifest.xml:62:13-37
	android:enabled
		ADDED from src\main\AndroidManifest.xml:61:13-35
	android:name
		ADDED from src\main\AndroidManifest.xml:60:13-67
uses-sdk
INJECTED from src\main\AndroidManifest.xml reason: use-sdk injection requested
MERGED from [com.android.support:design:23.1.1] AndroidManifest.xml:20:5-43
MERGED from [com.android.support:appcompat-v7:23.1.1] AndroidManifest.xml:20:5-43
MERGED from [com.android.support:support-v4:23.1.1] AndroidManifest.xml:20:5-43
MERGED from [com.android.support:recyclerview-v7:23.1.1] AndroidManifest.xml:20:5-43
MERGED from [com.android.support:support-v4:23.1.1] AndroidManifest.xml:20:5-43
MERGED from [com.android.support:support-v4:23.1.1] AndroidManifest.xml:20:5-43
MERGED from [com.prolificinteractive:material-calendarview:1.1.0] AndroidManifest.xml:8:5-10:41
MERGED from [com.android.support:support-v4:23.1.1] AndroidManifest.xml:20:5-43
MERGED from [com.android.support:appcompat-v7:23.1.1] AndroidManifest.xml:20:5-43
MERGED from [com.android.support:support-v4:23.1.1] AndroidManifest.xml:20:5-43
	android:targetSdkVersion
		INJECTED from src\main\AndroidManifest.xml
		INJECTED from src\main\AndroidManifest.xml
	android:minSdkVersion
		INJECTED from src\main\AndroidManifest.xml
		INJECTED from src\main\AndroidManifest.xml